2025-05-05 22:07:52,810 - test - INFO - \ҦϤC
2025-05-05 22:07:53,765 - test - INFO - \Ҧ峹C
2025-05-05 22:09:24,757 - test - INFO - \Os峹AID: 6
2025-05-05 22:09:31,466 - test - INFO - \Os峹AID: 7
2025-05-05 22:09:35,986 - test - INFO - \Ҧ峹C
2025-05-05 22:29:51,080 - test - INFO - \ҦϤC
2025-05-05 22:29:51,972 - test - INFO - \Ҧ峹C
2025-05-05 22:29:57,377 - test - INFO - \Ҧ峹C
2025-05-05 22:30:00,193 - test - INFO - \Ҧ峹C
2025-05-05 22:30:06,456 - test - INFO - \Ҧ峹C
2025-05-05 22:50:24,383 - common - INFO - 成功獲取所有圖片列表
2025-05-05 22:50:27,110 - common - INFO - 成功獲取文章列表
2025-05-05 22:50:34,524 - common - INFO - 成功獲取所有圖片列表
2025-05-05 22:50:35,709 - common - INFO - 成功獲取所有圖片列表
2025-05-05 22:50:36,040 - common - INFO - 成功獲取所有圖片列表
2025-05-05 22:50:36,258 - common - INFO - 成功獲取所有圖片列表
2025-05-05 22:50:43,671 - common - INFO - 成功獲取文章列表
2025-05-05 22:50:49,334 - common - INFO - 成功獲取文章列表
2025-05-05 22:51:43,338 - common - INFO - 成功上傳圖片: ff3d15e3340fede5051fc6953043b6fb.png
2025-05-05 22:51:45,968 - common - INFO - 成功獲取所有圖片列表
2025-05-05 22:51:53,274 - common - INFO - 成功獲取所有圖片列表
2025-05-05 22:51:54,200 - common - INFO - 成功獲取文章列表
2025-05-05 22:52:03,601 - common - INFO - 成功保存文章，ID: 8
2025-05-05 22:52:03,604 - common - INFO - 成功獲取文章列表
2025-05-05 22:55:33,607 - common - INFO - 成功獲取所有圖片列表
2025-05-05 22:55:34,525 - common - INFO - 成功獲取文章列表
2025-05-05 23:00:03,919 - common - INFO - 成功獲取所有圖片列表
2025-05-05 23:00:07,010 - common - INFO - 成功獲取所有圖片列表
2025-05-05 23:00:10,888 - common - INFO - 成功獲取所有圖片列表
2025-05-05 23:00:12,845 - common - INFO - 成功獲取所有圖片列表
2025-05-05 23:00:15,784 - common - INFO - 成功獲取所有圖片列表
2025-05-05 23:00:21,682 - common - INFO - 成功上傳圖片: 1969d707aca89e378ab9760139d1f06b.png
2025-05-05 23:00:23,962 - common - INFO - 成功獲取所有圖片列表
2025-05-05 23:02:05,658 - common - INFO - 成功獲取所有圖片列表
